Build started 10/3/2011 7:38:27 AM.
     1>Project "E:\C++ Programs\Truncation\Truncation\Truncation.vcxproj" on node 2 (build target(s)).
     1>InitializeBuildStatus:
         Creating "Debug\Truncation.unsuccessfulbuild" because "AlwaysCreate" was specified.
       ClCompile:
         c:\Program Files\Microsoft Visual Studio 10.0\VC\bin\CL.exe /c /ZI /nologo /W3 /WX- /Od /Oy- /D WIN32 /D _DEBUG /D _CONSOLE /D _UNICODE /D UNICODE /Gm /EHsc /RTC1 /MDd /GS /fp:precise /Zc:wchar_t /Zc:forScope /Fo"Debug\\" /Fd"Debug\vc100.pdb" /Gd /TP /analyze- /errorReport:prompt Truncation.cpp
         Truncation.cpp
       ManifestResourceCompile:
         All outputs are up-to-date.
       Link:
         c:\Program Files\Microsoft Visual Studio 10.0\VC\bin\link.exe /ERRORREPORT:PROMPT /OUT:"E:\C++ Programs\Truncation\Debug\Truncation.exe" /INCREMENTAL /NOLOGO kernel32.lib user32.lib gdi32.lib winspool.lib comdlg32.lib advapi32.lib shell32.lib ole32.lib oleaut32.lib uuid.lib odbc32.lib odbccp32.lib /MANIFEST /ManifestFile:"Debug\Truncation.exe.intermediate.manifest" /MANIFESTUAC:"level='asInvoker' uiAccess='false'" /DEBUG /PDB:"E:\C++ Programs\Truncation\Debug\Truncation.pdb" /SUBSYSTEM:CONSOLE /TLBID:1 /DYNAMICBASE /NXCOMPAT /IMPLIB:"E:\C++ Programs\Truncation\Debug\Truncation.lib" /MACHINE:X86 Debug\Truncation.exe.embed.manifest.res
         Debug\Truncation.obj
       Manifest:
         C:\Program Files\Microsoft SDKs\Windows\v7.0A\bin\mt.exe /nologo /verbose /out:"Debug\Truncation.exe.embed.manifest" /manifest Debug\Truncation.exe.intermediate.manifest
         All outputs are up-to-date.
       LinkEmbedManifest:
         All outputs are up-to-date.
         Truncation.vcxproj -> E:\C++ Programs\Truncation\Debug\Truncation.exe
       FinalizeBuildStatus:
         Deleting file "Debug\Truncation.unsuccessfulbuild".
         Touching "Debug\Truncation.lastbuildstate".
     1>Done Building Project "E:\C++ Programs\Truncation\Truncation\Truncation.vcxproj" (build target(s)).

Build succeeded.

Time Elapsed 00:00:10.95
