Build started 1/11/2012 8:03:57 AM.
     1>Project "E:\C++ Programs\house\house\house.vcxproj" on node 2 (build target(s)).
     1>InitializeBuildStatus:
         Creating "Debug\house.unsuccessfulbuild" because "AlwaysCreate" was specified.
       ClCompile:
         c:\Program Files\Microsoft Visual Studio 10.0\VC\bin\CL.exe /c /ZI /nologo /W3 /WX- /Od /Oy- /D WIN32 /D _DEBUG /D _CONSOLE /D _UNICODE /D UNICODE /Gm /EHsc /RTC1 /MDd /GS /fp:precise /Zc:wchar_t /Zc:forScope /Fo"Debug\\" /Fd"Debug\vc100.pdb" /Gd /TP /analyze- /errorReport:prompt house.cpp
         house.cpp
       ManifestResourceCompile:
         All outputs are up-to-date.
       Link:
         c:\Program Files\Microsoft Visual Studio 10.0\VC\bin\link.exe /ERRORREPORT:PROMPT /OUT:"E:\C++ Programs\house\Debug\house.exe" /INCREMENTAL /NOLOGO kernel32.lib user32.lib gdi32.lib winspool.lib comdlg32.lib advapi32.lib shell32.lib ole32.lib oleaut32.lib uuid.lib odbc32.lib odbccp32.lib /MANIFEST /ManifestFile:"Debug\house.exe.intermediate.manifest" /MANIFESTUAC:"level='asInvoker' uiAccess='false'" /DEBUG /PDB:"E:\C++ Programs\house\Debug\house.pdb" /SUBSYSTEM:CONSOLE /TLBID:1 /DYNAMICBASE /NXCOMPAT /IMPLIB:"E:\C++ Programs\house\Debug\house.lib" /MACHINE:X86 Debug\house.exe.embed.manifest.res
         Debug\house.obj
       Manifest:
         C:\Program Files\Microsoft SDKs\Windows\v7.0A\bin\mt.exe /nologo /verbose /out:"Debug\house.exe.embed.manifest" /manifest Debug\house.exe.intermediate.manifest
         All outputs are up-to-date.
       LinkEmbedManifest:
         All outputs are up-to-date.
         house.vcxproj -> E:\C++ Programs\house\Debug\house.exe
       FinalizeBuildStatus:
         Deleting file "Debug\house.unsuccessfulbuild".
         Touching "Debug\house.lastbuildstate".
     1>Done Building Project "E:\C++ Programs\house\house\house.vcxproj" (build target(s)).

Build succeeded.

Time Elapsed 00:00:12.67
