Build started 2/7/2012 8:11:06 AM.
     1>Project "E:\C++ Programs\random\random\random.vcxproj" on node 2 (build target(s)).
     1>InitializeBuildStatus:
         Creating "Debug\random.unsuccessfulbuild" because "AlwaysCreate" was specified.
       ClCompile:
         c:\Program Files\Microsoft Visual Studio 10.0\VC\bin\CL.exe /c /ZI /nologo /W3 /WX- /Od /Oy- /D WIN32 /D _DEBUG /D _CONSOLE /D _UNICODE /D UNICODE /Gm /EHsc /RTC1 /MDd /GS /fp:precise /Zc:wchar_t /Zc:forScope /Fo"Debug\\" /Fd"Debug\vc100.pdb" /Gd /TP /analyze- /errorReport:prompt random.cpp
         random.cpp
       ManifestResourceCompile:
         All outputs are up-to-date.
       Link:
         c:\Program Files\Microsoft Visual Studio 10.0\VC\bin\link.exe /ERRORREPORT:PROMPT /OUT:"E:\C++ Programs\random\Debug\random.exe" /INCREMENTAL /NOLOGO kernel32.lib user32.lib gdi32.lib winspool.lib comdlg32.lib advapi32.lib shell32.lib ole32.lib oleaut32.lib uuid.lib odbc32.lib odbccp32.lib /MANIFEST /ManifestFile:"Debug\random.exe.intermediate.manifest" /MANIFESTUAC:"level='asInvoker' uiAccess='false'" /DEBUG /PDB:"E:\C++ Programs\random\Debug\random.pdb" /SUBSYSTEM:CONSOLE /TLBID:1 /DYNAMICBASE /NXCOMPAT /IMPLIB:"E:\C++ Programs\random\Debug\random.lib" /MACHINE:X86 Debug\random.exe.embed.manifest.res
         Debug\random.obj
       Manifest:
         C:\Program Files\Microsoft SDKs\Windows\v7.0A\bin\mt.exe /nologo /verbose /out:"Debug\random.exe.embed.manifest" /manifest Debug\random.exe.intermediate.manifest
         All outputs are up-to-date.
       LinkEmbedManifest:
         All outputs are up-to-date.
         random.vcxproj -> E:\C++ Programs\random\Debug\random.exe
       FinalizeBuildStatus:
         Deleting file "Debug\random.unsuccessfulbuild".
         Touching "Debug\random.lastbuildstate".
     1>Done Building Project "E:\C++ Programs\random\random\random.vcxproj" (build target(s)).

Build succeeded.

Time Elapsed 00:00:04.03
