Build started 10/26/2011 7:34:35 AM.
     1>Project "E:\C++ Programs\number\number\number.vcxproj" on node 2 (build target(s)).
     1>InitializeBuildStatus:
         Creating "Debug\number.unsuccessfulbuild" because "AlwaysCreate" was specified.
       ClCompile:
         c:\Program Files\Microsoft Visual Studio 10.0\VC\bin\CL.exe /c /ZI /nologo /W3 /WX- /Od /Oy- /D WIN32 /D _DEBUG /D _CONSOLE /D _UNICODE /D UNICODE /Gm /EHsc /RTC1 /MDd /GS /fp:precise /Zc:wchar_t /Zc:forScope /Fo"Debug\\" /Fd"Debug\vc100.pdb" /Gd /TP /analyze- /errorReport:prompt number.cpp
         number.cpp
       ManifestResourceCompile:
         All outputs are up-to-date.
       Link:
         c:\Program Files\Microsoft Visual Studio 10.0\VC\bin\link.exe /ERRORREPORT:PROMPT /OUT:"E:\C++ Programs\number\Debug\number.exe" /INCREMENTAL /NOLOGO kernel32.lib user32.lib gdi32.lib winspool.lib comdlg32.lib advapi32.lib shell32.lib ole32.lib oleaut32.lib uuid.lib odbc32.lib odbccp32.lib /MANIFEST /ManifestFile:"Debug\number.exe.intermediate.manifest" /MANIFESTUAC:"level='asInvoker' uiAccess='false'" /DEBUG /PDB:"E:\C++ Programs\number\Debug\number.pdb" /SUBSYSTEM:CONSOLE /TLBID:1 /DYNAMICBASE /NXCOMPAT /IMPLIB:"E:\C++ Programs\number\Debug\number.lib" /MACHINE:X86 Debug\number.exe.embed.manifest.res
         Debug\number.obj
       Manifest:
         C:\Program Files\Microsoft SDKs\Windows\v7.0A\bin\mt.exe /nologo /verbose /out:"Debug\number.exe.embed.manifest" /manifest Debug\number.exe.intermediate.manifest
         All outputs are up-to-date.
       LinkEmbedManifest:
         All outputs are up-to-date.
         number.vcxproj -> E:\C++ Programs\number\Debug\number.exe
       FinalizeBuildStatus:
         Deleting file "Debug\number.unsuccessfulbuild".
         Touching "Debug\number.lastbuildstate".
     1>Done Building Project "E:\C++ Programs\number\number\number.vcxproj" (build target(s)).

Build succeeded.

Time Elapsed 00:00:11.87
