Build started 12/12/2011 8:02:13 AM.
     1>Project "E:\C++ Programs\ShortAssignment2\ShortAssignment2\ShortAssignment2.vcxproj" on node 2 (build target(s)).
     1>InitializeBuildStatus:
         Creating "Debug\ShortAssignment2.unsuccessfulbuild" because "AlwaysCreate" was specified.
       ClCompile:
         c:\Program Files\Microsoft Visual Studio 10.0\VC\bin\CL.exe /c /ZI /nologo /W3 /WX- /Od /Oy- /D WIN32 /D _DEBUG /D _CONSOLE /D _UNICODE /D UNICODE /Gm /EHsc /RTC1 /MDd /GS /fp:precise /Zc:wchar_t /Zc:forScope /Fo"Debug\\" /Fd"Debug\vc100.pdb" /Gd /TP /analyze- /errorReport:prompt ShortAssignment2.cpp
         ShortAssignment2.cpp
       ManifestResourceCompile:
         All outputs are up-to-date.
       Link:
         c:\Program Files\Microsoft Visual Studio 10.0\VC\bin\link.exe /ERRORREPORT:PROMPT /OUT:"E:\C++ Programs\ShortAssignment2\Debug\ShortAssignment2.exe" /INCREMENTAL /NOLOGO kernel32.lib user32.lib gdi32.lib winspool.lib comdlg32.lib advapi32.lib shell32.lib ole32.lib oleaut32.lib uuid.lib odbc32.lib odbccp32.lib /MANIFEST /ManifestFile:"Debug\ShortAssignment2.exe.intermediate.manifest" /MANIFESTUAC:"level='asInvoker' uiAccess='false'" /DEBUG /PDB:"E:\C++ Programs\ShortAssignment2\Debug\ShortAssignment2.pdb" /SUBSYSTEM:CONSOLE /TLBID:1 /DYNAMICBASE /NXCOMPAT /IMPLIB:"E:\C++ Programs\ShortAssignment2\Debug\ShortAssignment2.lib" /MACHINE:X86 Debug\ShortAssignment2.exe.embed.manifest.res
         Debug\ShortAssignment2.obj
       Manifest:
         C:\Program Files\Microsoft SDKs\Windows\v7.0A\bin\mt.exe /nologo /verbose /out:"Debug\ShortAssignment2.exe.embed.manifest" /manifest Debug\ShortAssignment2.exe.intermediate.manifest
         All outputs are up-to-date.
       LinkEmbedManifest:
         All outputs are up-to-date.
         ShortAssignment2.vcxproj -> E:\C++ Programs\ShortAssignment2\Debug\ShortAssignment2.exe
       FinalizeBuildStatus:
         Deleting file "Debug\ShortAssignment2.unsuccessfulbuild".
         Touching "Debug\ShortAssignment2.lastbuildstate".
     1>Done Building Project "E:\C++ Programs\ShortAssignment2\ShortAssignment2\ShortAssignment2.vcxproj" (build target(s)).

Build succeeded.

Time Elapsed 00:00:15.46
