Build started 12/14/2011 8:05:10 AM.
     1>Project "E:\C++ Programs\Morphemes\Morphemes\Morphemes.vcxproj" on node 2 (build target(s)).
     1>InitializeBuildStatus:
         Touching "Debug\Morphemes.unsuccessfulbuild".
       ClCompile:
         All outputs are up-to-date.
       ManifestResourceCompile:
         All outputs are up-to-date.
       Link:
         c:\Program Files\Microsoft Visual Studio 10.0\VC\bin\link.exe /ERRORREPORT:PROMPT /OUT:"E:\C++ Programs\Morphemes\Debug\Morphemes.exe" /INCREMENTAL /NOLOGO kernel32.lib user32.lib gdi32.lib winspool.lib comdlg32.lib advapi32.lib shell32.lib ole32.lib oleaut32.lib uuid.lib odbc32.lib odbccp32.lib /MANIFEST /ManifestFile:"Debug\Morphemes.exe.intermediate.manifest" /MANIFESTUAC:"level='asInvoker' uiAccess='false'" /DEBUG /PDB:"E:\C++ Programs\Morphemes\Debug\Morphemes.pdb" /SUBSYSTEM:CONSOLE /TLBID:1 /DYNAMICBASE /NXCOMPAT /IMPLIB:"E:\C++ Programs\Morphemes\Debug\Morphemes.lib" /MACHINE:X86 Debug\Morphemes.exe.embed.manifest.res
         Debug\Morphemes.obj
     1>LINK : warning LNK4081: insufficient disk space; linking nonincrementally
       Manifest:
         C:\Program Files\Microsoft SDKs\Windows\v7.0A\bin\mt.exe /nologo /verbose /out:"Debug\Morphemes.exe.embed.manifest" /manifest Debug\Morphemes.exe.intermediate.manifest
         All outputs are up-to-date.
       LinkEmbedManifest:
         All outputs are up-to-date.
         Morphemes.vcxproj -> E:\C++ Programs\Morphemes\Debug\Morphemes.exe
       FinalizeBuildStatus:
         Deleting file "Debug\Morphemes.unsuccessfulbuild".
         Touching "Debug\Morphemes.lastbuildstate".
     1>Done Building Project "E:\C++ Programs\Morphemes\Morphemes\Morphemes.vcxproj" (build target(s)).

Build succeeded.

Time Elapsed 00:00:07.37
