Build started 1/19/2012 7:53:43 AM.
     1>Project "E:\C++ Programs\program6_16\program6_16\program6_16.vcxproj" on node 2 (build target(s)).
     1>InitializeBuildStatus:
         Creating "Debug\program6_16.unsuccessfulbuild" because "AlwaysCreate" was specified.
       ClCompile:
         c:\Program Files\Microsoft Visual Studio 10.0\VC\bin\CL.exe /c /ZI /nologo /W3 /WX- /Od /Oy- /D WIN32 /D _DEBUG /D _CONSOLE /D _UNICODE /D UNICODE /Gm /EHsc /RTC1 /MDd /GS /fp:precise /Zc:wchar_t /Zc:forScope /Fo"Debug\\" /Fd"Debug\vc100.pdb" /Gd /TP /analyze- /errorReport:prompt program6_16.cpp
         program6_16.cpp
     1>e:\c++ programs\program6_16\program6_16\program6_16.cpp(19): warning C4244: 'argument' : conversion from 'time_t' to 'unsigned int', possible loss of data
       ManifestResourceCompile:
         All outputs are up-to-date.
       Link:
         c:\Program Files\Microsoft Visual Studio 10.0\VC\bin\link.exe /ERRORREPORT:PROMPT /OUT:"E:\C++ Programs\program6_16\Debug\program6_16.exe" /INCREMENTAL /NOLOGO kernel32.lib user32.lib gdi32.lib winspool.lib comdlg32.lib advapi32.lib shell32.lib ole32.lib oleaut32.lib uuid.lib odbc32.lib odbccp32.lib /MANIFEST /ManifestFile:"Debug\program6_16.exe.intermediate.manifest" /MANIFESTUAC:"level='asInvoker' uiAccess='false'" /DEBUG /PDB:"E:\C++ Programs\program6_16\Debug\program6_16.pdb" /SUBSYSTEM:CONSOLE /TLBID:1 /DYNAMICBASE /NXCOMPAT /IMPLIB:"E:\C++ Programs\program6_16\Debug\program6_16.lib" /MACHINE:X86 Debug\program6_16.exe.embed.manifest.res
         Debug\program6_16.obj
       Manifest:
         C:\Program Files\Microsoft SDKs\Windows\v7.0A\bin\mt.exe /nologo /verbose /out:"Debug\program6_16.exe.embed.manifest" /manifest Debug\program6_16.exe.intermediate.manifest
         All outputs are up-to-date.
       LinkEmbedManifest:
         All outputs are up-to-date.
         program6_16.vcxproj -> E:\C++ Programs\program6_16\Debug\program6_16.exe
       FinalizeBuildStatus:
         Deleting file "Debug\program6_16.unsuccessfulbuild".
         Touching "Debug\program6_16.lastbuildstate".
     1>Done Building Project "E:\C++ Programs\program6_16\program6_16\program6_16.vcxproj" (build target(s)).

Build succeeded.

Time Elapsed 00:00:02.68
