Build started 9/8/2011 7:41:15 AM.
     1>Project "E:\C++ Programs\Program2_3\Program2_3\Program2_3.vcxproj" on node 2 (build target(s)).
     1>PrepareForBuild:
         Creating directory "E:\C++ Programs\Program2_3\Debug\".
       InitializeBuildStatus:
         Creating "Debug\Program2_3.unsuccessfulbuild" because "AlwaysCreate" was specified.
       ClCompile:
         c:\Program Files\Microsoft Visual Studio 10.0\VC\bin\CL.exe /c /ZI /nologo /W3 /WX- /Od /Oy- /D WIN32 /D _DEBUG /D _CONSOLE /D _UNICODE /D UNICODE /Gm /EHsc /RTC1 /MDd /GS /fp:precise /Zc:wchar_t /Zc:forScope /Fo"Debug\\" /Fd"Debug\vc100.pdb" /Gd /TP /analyze- /errorReport:prompt Program2_3.cpp
         Program2_3.cpp
       ManifestResourceCompile:
         C:\Program Files\Microsoft SDKs\Windows\v7.0A\bin\rc.exe /nologo /fo"Debug\Program2_3.exe.embed.manifest.res" Debug\Program2_3_manifest.rc 
       Link:
         c:\Program Files\Microsoft Visual Studio 10.0\VC\bin\link.exe /ERRORREPORT:PROMPT /OUT:"E:\C++ Programs\Program2_3\Debug\Program2_3.exe" /INCREMENTAL /NOLOGO kernel32.lib user32.lib gdi32.lib winspool.lib comdlg32.lib advapi32.lib shell32.lib ole32.lib oleaut32.lib uuid.lib odbc32.lib odbccp32.lib /MANIFEST /ManifestFile:"Debug\Program2_3.exe.intermediate.manifest" /MANIFESTUAC:"level='asInvoker' uiAccess='false'" /DEBUG /PDB:"E:\C++ Programs\Program2_3\Debug\Program2_3.pdb" /SUBSYSTEM:CONSOLE /TLBID:1 /DYNAMICBASE /NXCOMPAT /IMPLIB:"E:\C++ Programs\Program2_3\Debug\Program2_3.lib" /MACHINE:X86 Debug\Program2_3.exe.embed.manifest.res
         Debug\Program2_3.obj
       Manifest:
         C:\Program Files\Microsoft SDKs\Windows\v7.0A\bin\mt.exe /nologo /verbose /out:"Debug\Program2_3.exe.embed.manifest" /manifest Debug\Program2_3.exe.intermediate.manifest
         C:\Program Files\Microsoft SDKs\Windows\v7.0A\bin\rc.exe /nologo /fo"Debug\Program2_3.exe.embed.manifest.res" Debug\Program2_3_manifest.rc 
       LinkEmbedManifest:
         c:\Program Files\Microsoft Visual Studio 10.0\VC\bin\link.exe /ERRORREPORT:PROMPT /OUT:"E:\C++ Programs\Program2_3\Debug\Program2_3.exe" /INCREMENTAL /NOLOGO kernel32.lib user32.lib gdi32.lib winspool.lib comdlg32.lib advapi32.lib shell32.lib ole32.lib oleaut32.lib uuid.lib odbc32.lib odbccp32.lib /MANIFEST /ManifestFile:"Debug\Program2_3.exe.intermediate.manifest" /MANIFESTUAC:"level='asInvoker' uiAccess='false'" /DEBUG /PDB:"E:\C++ Programs\Program2_3\Debug\Program2_3.pdb" /SUBSYSTEM:CONSOLE /TLBID:1 /DYNAMICBASE /NXCOMPAT /IMPLIB:"E:\C++ Programs\Program2_3\Debug\Program2_3.lib" /MACHINE:X86 Debug\Program2_3.exe.embed.manifest.res
         Debug\Program2_3.obj
         Program2_3.vcxproj -> E:\C++ Programs\Program2_3\Debug\Program2_3.exe
       FinalizeBuildStatus:
         Deleting file "Debug\Program2_3.unsuccessfulbuild".
         Touching "Debug\Program2_3.lastbuildstate".
     1>Done Building Project "E:\C++ Programs\Program2_3\Program2_3\Program2_3.vcxproj" (build target(s)).

Build succeeded.

Time Elapsed 00:00:27.11
