Build started 9/22/2011 8:01:26 AM.
     1>Project "E:\C++ Programs\AreaCalculator\AreaCalculator\AreaCalculator.vcxproj" on node 2 (build target(s)).
     1>InitializeBuildStatus:
         Creating "Debug\AreaCalculator.unsuccessfulbuild" because "AlwaysCreate" was specified.
       ClCompile:
         c:\Program Files\Microsoft Visual Studio 10.0\VC\bin\CL.exe /c /ZI /nologo /W3 /WX- /Od /Oy- /D WIN32 /D _DEBUG /D _CONSOLE /D _UNICODE /D UNICODE /Gm /EHsc /RTC1 /MDd /GS /fp:precise /Zc:wchar_t /Zc:forScope /Fo"Debug\\" /Fd"Debug\vc100.pdb" /Gd /TP /analyze- /errorReport:prompt AreaCalculator.cpp
         AreaCalculator.cpp
     1>e:\c++ programs\areacalculator\areacalculator\areacalculator.cpp(27): warning C4244: '=' : conversion from 'double' to 'float', possible loss of data
       ManifestResourceCompile:
         All outputs are up-to-date.
       Link:
         c:\Program Files\Microsoft Visual Studio 10.0\VC\bin\link.exe /ERRORREPORT:PROMPT /OUT:"E:\C++ Programs\AreaCalculator\Debug\AreaCalculator.exe" /INCREMENTAL /NOLOGO kernel32.lib user32.lib gdi32.lib winspool.lib comdlg32.lib advapi32.lib shell32.lib ole32.lib oleaut32.lib uuid.lib odbc32.lib odbccp32.lib /MANIFEST /ManifestFile:"Debug\AreaCalculator.exe.intermediate.manifest" /MANIFESTUAC:"level='asInvoker' uiAccess='false'" /DEBUG /PDB:"E:\C++ Programs\AreaCalculator\Debug\AreaCalculator.pdb" /SUBSYSTEM:CONSOLE /TLBID:1 /DYNAMICBASE /NXCOMPAT /IMPLIB:"E:\C++ Programs\AreaCalculator\Debug\AreaCalculator.lib" /MACHINE:X86 Debug\AreaCalculator.exe.embed.manifest.res
         Debug\AreaCalculator.obj
       Manifest:
         C:\Program Files\Microsoft SDKs\Windows\v7.0A\bin\mt.exe /nologo /verbose /out:"Debug\AreaCalculator.exe.embed.manifest" /manifest Debug\AreaCalculator.exe.intermediate.manifest
         All outputs are up-to-date.
       LinkEmbedManifest:
         All outputs are up-to-date.
         AreaCalculator.vcxproj -> E:\C++ Programs\AreaCalculator\Debug\AreaCalculator.exe
       FinalizeBuildStatus:
         Deleting file "Debug\AreaCalculator.unsuccessfulbuild".
         Touching "Debug\AreaCalculator.lastbuildstate".
     1>Done Building Project "E:\C++ Programs\AreaCalculator\AreaCalculator\AreaCalculator.vcxproj" (build target(s)).

Build succeeded.

Time Elapsed 00:00:12.20
