Build started 9/13/2011 7:53:54 AM.
     1>Project "E:\C++ Programs\QuestionProgram\QuestionProgram\QuestionProgram.vcxproj" on node 2 (build target(s)).
     1>InitializeBuildStatus:
         Creating "Debug\QuestionProgram.unsuccessfulbuild" because "AlwaysCreate" was specified.
       ClCompile:
         c:\Program Files\Microsoft Visual Studio 10.0\VC\bin\CL.exe /c /ZI /nologo /W3 /WX- /Od /Oy- /D WIN32 /D _DEBUG /D _CONSOLE /D _UNICODE /D UNICODE /Gm /EHsc /RTC1 /MDd /GS /fp:precise /Zc:wchar_t /Zc:forScope /Fo"Debug\\" /Fd"Debug\vc100.pdb" /Gd /TP /analyze- /errorReport:prompt QuestionProgram.cpp
         QuestionProgram.cpp
       ManifestResourceCompile:
         All outputs are up-to-date.
       Link:
         c:\Program Files\Microsoft Visual Studio 10.0\VC\bin\link.exe /ERRORREPORT:PROMPT /OUT:"E:\C++ Programs\QuestionProgram\Debug\QuestionProgram.exe" /INCREMENTAL /NOLOGO kernel32.lib user32.lib gdi32.lib winspool.lib comdlg32.lib advapi32.lib shell32.lib ole32.lib oleaut32.lib uuid.lib odbc32.lib odbccp32.lib /MANIFEST /ManifestFile:"Debug\QuestionProgram.exe.intermediate.manifest" /MANIFESTUAC:"level='asInvoker' uiAccess='false'" /DEBUG /PDB:"E:\C++ Programs\QuestionProgram\Debug\QuestionProgram.pdb" /SUBSYSTEM:CONSOLE /TLBID:1 /DYNAMICBASE /NXCOMPAT /IMPLIB:"E:\C++ Programs\QuestionProgram\Debug\QuestionProgram.lib" /MACHINE:X86 Debug\QuestionProgram.exe.embed.manifest.res
         Debug\QuestionProgram.obj
       Manifest:
         C:\Program Files\Microsoft SDKs\Windows\v7.0A\bin\mt.exe /nologo /verbose /out:"Debug\QuestionProgram.exe.embed.manifest" /manifest Debug\QuestionProgram.exe.intermediate.manifest
         All outputs are up-to-date.
       LinkEmbedManifest:
         All outputs are up-to-date.
         QuestionProgram.vcxproj -> E:\C++ Programs\QuestionProgram\Debug\QuestionProgram.exe
       FinalizeBuildStatus:
         Deleting file "Debug\QuestionProgram.unsuccessfulbuild".
         Touching "Debug\QuestionProgram.lastbuildstate".
     1>Done Building Project "E:\C++ Programs\QuestionProgram\QuestionProgram\QuestionProgram.vcxproj" (build target(s)).

Build succeeded.

Time Elapsed 00:00:11.17
