Build started 10/26/2011 7:53:11 AM.
     1>Project "E:\C++ Programs\pass_fail\pass_fail\pass_fail.vcxproj" on node 2 (build target(s)).
     1>InitializeBuildStatus:
         Creating "Debug\pass_fail.unsuccessfulbuild" because "AlwaysCreate" was specified.
       ClCompile:
         c:\Program Files\Microsoft Visual Studio 10.0\VC\bin\CL.exe /c /ZI /nologo /W3 /WX- /Od /Oy- /D WIN32 /D _DEBUG /D _CONSOLE /D _UNICODE /D UNICODE /Gm /EHsc /RTC1 /MDd /GS /fp:precise /Zc:wchar_t /Zc:forScope /Fo"Debug\\" /Fd"Debug\vc100.pdb" /Gd /TP /analyze- /errorReport:prompt pass_fail.cpp
         pass_fail.cpp
       ManifestResourceCompile:
         All outputs are up-to-date.
       Link:
         c:\Program Files\Microsoft Visual Studio 10.0\VC\bin\link.exe /ERRORREPORT:PROMPT /OUT:"E:\C++ Programs\pass_fail\Debug\pass_fail.exe" /INCREMENTAL /NOLOGO kernel32.lib user32.lib gdi32.lib winspool.lib comdlg32.lib advapi32.lib shell32.lib ole32.lib oleaut32.lib uuid.lib odbc32.lib odbccp32.lib /MANIFEST /ManifestFile:"Debug\pass_fail.exe.intermediate.manifest" /MANIFESTUAC:"level='asInvoker' uiAccess='false'" /DEBUG /PDB:"E:\C++ Programs\pass_fail\Debug\pass_fail.pdb" /SUBSYSTEM:CONSOLE /TLBID:1 /DYNAMICBASE /NXCOMPAT /IMPLIB:"E:\C++ Programs\pass_fail\Debug\pass_fail.lib" /MACHINE:X86 Debug\pass_fail.exe.embed.manifest.res
         Debug\pass_fail.obj
       Manifest:
         C:\Program Files\Microsoft SDKs\Windows\v7.0A\bin\mt.exe /nologo /verbose /out:"Debug\pass_fail.exe.embed.manifest" /manifest Debug\pass_fail.exe.intermediate.manifest
         All outputs are up-to-date.
       LinkEmbedManifest:
         All outputs are up-to-date.
         pass_fail.vcxproj -> E:\C++ Programs\pass_fail\Debug\pass_fail.exe
       FinalizeBuildStatus:
         Deleting file "Debug\pass_fail.unsuccessfulbuild".
         Touching "Debug\pass_fail.lastbuildstate".
     1>Done Building Project "E:\C++ Programs\pass_fail\pass_fail\pass_fail.vcxproj" (build target(s)).

Build succeeded.

Time Elapsed 00:00:11.89
