Build started 2/10/2012 8:07:13 AM.
     1>Project "E:\C++ Programs\Palindrome\Palindrome\Palindrome.vcxproj" on node 2 (build target(s)).
     1>InitializeBuildStatus:
         Creating "Debug\Palindrome.unsuccessfulbuild" because "AlwaysCreate" was specified.
       ClCompile:
         c:\Program Files\Microsoft Visual Studio 10.0\VC\bin\CL.exe /c /ZI /nologo /W3 /WX- /Od /Oy- /D WIN32 /D _DEBUG /D _CONSOLE /D _UNICODE /D UNICODE /Gm /EHsc /RTC1 /MDd /GS /fp:precise /Zc:wchar_t /Zc:forScope /Fo"Debug\\" /Fd"Debug\vc100.pdb" /Gd /TP /analyze- /errorReport:prompt Palindrome.cpp
         Palindrome.cpp
     1>e:\c++ programs\palindrome\palindrome\palindrome.cpp(27): warning C4018: '<' : signed/unsigned mismatch
       ManifestResourceCompile:
         All outputs are up-to-date.
       Link:
         c:\Program Files\Microsoft Visual Studio 10.0\VC\bin\link.exe /ERRORREPORT:PROMPT /OUT:"E:\C++ Programs\Palindrome\Debug\Palindrome.exe" /INCREMENTAL /NOLOGO kernel32.lib user32.lib gdi32.lib winspool.lib comdlg32.lib advapi32.lib shell32.lib ole32.lib oleaut32.lib uuid.lib odbc32.lib odbccp32.lib /MANIFEST /ManifestFile:"Debug\Palindrome.exe.intermediate.manifest" /MANIFESTUAC:"level='asInvoker' uiAccess='false'" /DEBUG /PDB:"E:\C++ Programs\Palindrome\Debug\Palindrome.pdb" /SUBSYSTEM:CONSOLE /TLBID:1 /DYNAMICBASE /NXCOMPAT /IMPLIB:"E:\C++ Programs\Palindrome\Debug\Palindrome.lib" /MACHINE:X86 Debug\Palindrome.exe.embed.manifest.res
         Debug\Palindrome.obj
       Manifest:
         C:\Program Files\Microsoft SDKs\Windows\v7.0A\bin\mt.exe /nologo /verbose /out:"Debug\Palindrome.exe.embed.manifest" /manifest Debug\Palindrome.exe.intermediate.manifest
         All outputs are up-to-date.
       LinkEmbedManifest:
         All outputs are up-to-date.
         Palindrome.vcxproj -> E:\C++ Programs\Palindrome\Debug\Palindrome.exe
       FinalizeBuildStatus:
         Deleting file "Debug\Palindrome.unsuccessfulbuild".
         Touching "Debug\Palindrome.lastbuildstate".
     1>Done Building Project "E:\C++ Programs\Palindrome\Palindrome\Palindrome.vcxproj" (build target(s)).

Build succeeded.

Time Elapsed 00:00:04.20
