Build started 10/3/2011 7:57:22 AM.
     1>Project "E:\C++ Programs\averages\averages\averages.vcxproj" on node 2 (build target(s)).
     1>InitializeBuildStatus:
         Creating "Debug\averages.unsuccessfulbuild" because "AlwaysCreate" was specified.
       ClCompile:
         c:\Program Files\Microsoft Visual Studio 10.0\VC\bin\CL.exe /c /ZI /nologo /W3 /WX- /Od /Oy- /D WIN32 /D _DEBUG /D _CONSOLE /D _UNICODE /D UNICODE /Gm /EHsc /RTC1 /MDd /GS /fp:precise /Zc:wchar_t /Zc:forScope /Fo"Debug\\" /Fd"Debug\vc100.pdb" /Gd /TP /analyze- /errorReport:prompt averages.cpp
         averages.cpp
       ManifestResourceCompile:
         All outputs are up-to-date.
       Link:
         c:\Program Files\Microsoft Visual Studio 10.0\VC\bin\link.exe /ERRORREPORT:PROMPT /OUT:"E:\C++ Programs\averages\Debug\averages.exe" /INCREMENTAL /NOLOGO kernel32.lib user32.lib gdi32.lib winspool.lib comdlg32.lib advapi32.lib shell32.lib ole32.lib oleaut32.lib uuid.lib odbc32.lib odbccp32.lib /MANIFEST /ManifestFile:"Debug\averages.exe.intermediate.manifest" /MANIFESTUAC:"level='asInvoker' uiAccess='false'" /DEBUG /PDB:"E:\C++ Programs\averages\Debug\averages.pdb" /SUBSYSTEM:CONSOLE /TLBID:1 /DYNAMICBASE /NXCOMPAT /IMPLIB:"E:\C++ Programs\averages\Debug\averages.lib" /MACHINE:X86 Debug\averages.exe.embed.manifest.res
         Debug\averages.obj
       Manifest:
         C:\Program Files\Microsoft SDKs\Windows\v7.0A\bin\mt.exe /nologo /verbose /out:"Debug\averages.exe.embed.manifest" /manifest Debug\averages.exe.intermediate.manifest
         All outputs are up-to-date.
       LinkEmbedManifest:
         All outputs are up-to-date.
         averages.vcxproj -> E:\C++ Programs\averages\Debug\averages.exe
       FinalizeBuildStatus:
         Deleting file "Debug\averages.unsuccessfulbuild".
         Touching "Debug\averages.lastbuildstate".
     1>Done Building Project "E:\C++ Programs\averages\averages\averages.vcxproj" (build target(s)).

Build succeeded.

Time Elapsed 00:00:13.44
