Build started 10/19/2011 7:59:56 AM.
     1>Project "E:\C++ Programs\PumpkinPatch\PumpkinPatch\PumpkinPatch.vcxproj" on node 2 (build target(s)).
     1>InitializeBuildStatus:
         Touching "Debug\PumpkinPatch.unsuccessfulbuild".
       ClCompile:
         c:\Program Files\Microsoft Visual Studio 10.0\VC\bin\CL.exe /c /ZI /nologo /W3 /WX- /Od /Oy- /D WIN32 /D _DEBUG /D _CONSOLE /D _UNICODE /D UNICODE /Gm /EHsc /RTC1 /MDd /GS /fp:precise /Zc:wchar_t /Zc:forScope /Fo"Debug\\" /Fd"Debug\vc100.pdb" /Gd /TP /analyze- /errorReport:prompt PumpkinPatch.cpp
         PumpkinPatch.cpp
       ManifestResourceCompile:
         All outputs are up-to-date.
       Link:
         c:\Program Files\Microsoft Visual Studio 10.0\VC\bin\link.exe /ERRORREPORT:PROMPT /OUT:"E:\C++ Programs\PumpkinPatch\Debug\PumpkinPatch.exe" /INCREMENTAL /NOLOGO kernel32.lib user32.lib gdi32.lib winspool.lib comdlg32.lib advapi32.lib shell32.lib ole32.lib oleaut32.lib uuid.lib odbc32.lib odbccp32.lib /MANIFEST /ManifestFile:"Debug\PumpkinPatch.exe.intermediate.manifest" /MANIFESTUAC:"level='asInvoker' uiAccess='false'" /DEBUG /PDB:"E:\C++ Programs\PumpkinPatch\Debug\PumpkinPatch.pdb" /SUBSYSTEM:CONSOLE /TLBID:1 /DYNAMICBASE /NXCOMPAT /IMPLIB:"E:\C++ Programs\PumpkinPatch\Debug\PumpkinPatch.lib" /MACHINE:X86 Debug\PumpkinPatch.exe.embed.manifest.res
         Debug\PumpkinPatch.obj
       Manifest:
         C:\Program Files\Microsoft SDKs\Windows\v7.0A\bin\mt.exe /nologo /verbose /out:"Debug\PumpkinPatch.exe.embed.manifest" /manifest Debug\PumpkinPatch.exe.intermediate.manifest
         All outputs are up-to-date.
       LinkEmbedManifest:
         All outputs are up-to-date.
         PumpkinPatch.vcxproj -> E:\C++ Programs\PumpkinPatch\Debug\PumpkinPatch.exe
       FinalizeBuildStatus:
         Deleting file "Debug\PumpkinPatch.unsuccessfulbuild".
         Touching "Debug\PumpkinPatch.lastbuildstate".
     1>Done Building Project "E:\C++ Programs\PumpkinPatch\PumpkinPatch\PumpkinPatch.vcxproj" (build target(s)).

Build succeeded.

Time Elapsed 00:00:24.93
