Build started 12/6/2011 8:10:14 AM.
     1>Project "E:\C++ Programs\convertionsinchemistry\convertionsinchemistry\convertionsinchemistry.vcxproj" on node 2 (build target(s)).
     1>InitializeBuildStatus:
         Creating "Debug\convertionsinchemistry.unsuccessfulbuild" because "AlwaysCreate" was specified.
       ClCompile:
         c:\Program Files\Microsoft Visual Studio 10.0\VC\bin\CL.exe /c /ZI /nologo /W3 /WX- /Od /Oy- /D WIN32 /D _DEBUG /D _CONSOLE /D _UNICODE /D UNICODE /Gm /EHsc /RTC1 /MDd /GS /fp:precise /Zc:wchar_t /Zc:forScope /Fo"Debug\\" /Fd"Debug\vc100.pdb" /Gd /TP /analyze- /errorReport:prompt convertionsinchemistry.cpp
         convertionsinchemistry.cpp
       ManifestResourceCompile:
         C:\Program Files\Microsoft SDKs\Windows\v7.0A\bin\rc.exe /nologo /fo"Debug\convertionsinchemistry.exe.embed.manifest.res" Debug\convertionsinchemistry_manifest.rc 
       Link:
         c:\Program Files\Microsoft Visual Studio 10.0\VC\bin\link.exe /ERRORREPORT:PROMPT /OUT:"E:\C++ Programs\convertionsinchemistry\Debug\convertionsinchemistry.exe" /INCREMENTAL /NOLOGO kernel32.lib user32.lib gdi32.lib winspool.lib comdlg32.lib advapi32.lib shell32.lib ole32.lib oleaut32.lib uuid.lib odbc32.lib odbccp32.lib /MANIFEST /ManifestFile:"Debug\convertionsinchemistry.exe.intermediate.manifest" /MANIFESTUAC:"level='asInvoker' uiAccess='false'" /DEBUG /PDB:"E:\C++ Programs\convertionsinchemistry\Debug\convertionsinchemistry.pdb" /SUBSYSTEM:CONSOLE /TLBID:1 /DYNAMICBASE /NXCOMPAT /IMPLIB:"E:\C++ Programs\convertionsinchemistry\Debug\convertionsinchemistry.lib" /MACHINE:X86 Debug\convertionsinchemistry.exe.embed.manifest.res
         Debug\convertionsinchemistry.obj
       Manifest:
         Deleting file "Debug\convertionsinchemistry.exe.embed.manifest".
         C:\Program Files\Microsoft SDKs\Windows\v7.0A\bin\mt.exe /nologo /verbose /out:"Debug\convertionsinchemistry.exe.embed.manifest" /manifest Debug\convertionsinchemistry.exe.intermediate.manifest
         C:\Program Files\Microsoft SDKs\Windows\v7.0A\bin\rc.exe /nologo /fo"Debug\convertionsinchemistry.exe.embed.manifest.res" Debug\convertionsinchemistry_manifest.rc 
       LinkEmbedManifest:
         c:\Program Files\Microsoft Visual Studio 10.0\VC\bin\link.exe /ERRORREPORT:PROMPT /OUT:"E:\C++ Programs\convertionsinchemistry\Debug\convertionsinchemistry.exe" /INCREMENTAL /NOLOGO kernel32.lib user32.lib gdi32.lib winspool.lib comdlg32.lib advapi32.lib shell32.lib ole32.lib oleaut32.lib uuid.lib odbc32.lib odbccp32.lib /MANIFEST /ManifestFile:"Debug\convertionsinchemistry.exe.intermediate.manifest" /MANIFESTUAC:"level='asInvoker' uiAccess='false'" /DEBUG /PDB:"E:\C++ Programs\convertionsinchemistry\Debug\convertionsinchemistry.pdb" /SUBSYSTEM:CONSOLE /TLBID:1 /DYNAMICBASE /NXCOMPAT /IMPLIB:"E:\C++ Programs\convertionsinchemistry\Debug\convertionsinchemistry.lib" /MACHINE:X86 Debug\convertionsinchemistry.exe.embed.manifest.res
         Debug\convertionsinchemistry.obj
         convertionsinchemistry.vcxproj -> E:\C++ Programs\convertionsinchemistry\Debug\convertionsinchemistry.exe
       FinalizeBuildStatus:
         Deleting file "Debug\convertionsinchemistry.unsuccessfulbuild".
         Touching "Debug\convertionsinchemistry.lastbuildstate".
     1>Done Building Project "E:\C++ Programs\convertionsinchemistry\convertionsinchemistry\convertionsinchemistry.vcxproj" (build target(s)).

Build succeeded.

Time Elapsed 00:00:30.27
