Build started 9/9/2011 7:48:32 AM.
     1>Project "E:\C++ Programs\address\address\address.vcxproj" on node 2 (build target(s)).
     1>InitializeBuildStatus:
         Creating "Debug\address.unsuccessfulbuild" because "AlwaysCreate" was specified.
       ClCompile:
         c:\Program Files\Microsoft Visual Studio 10.0\VC\bin\CL.exe /c /ZI /nologo /W3 /WX- /Od /Oy- /D WIN32 /D _DEBUG /D _CONSOLE /D _UNICODE /D UNICODE /Gm /EHsc /RTC1 /MDd /GS /fp:precise /Zc:wchar_t /Zc:forScope /Fo"Debug\\" /Fd"Debug\vc100.pdb" /Gd /TP /analyze- /errorReport:prompt address.cpp
         address.cpp
       ManifestResourceCompile:
         All outputs are up-to-date.
       Link:
         c:\Program Files\Microsoft Visual Studio 10.0\VC\bin\link.exe /ERRORREPORT:PROMPT /OUT:"E:\C++ Programs\address\Debug\address.exe" /INCREMENTAL /NOLOGO kernel32.lib user32.lib gdi32.lib winspool.lib comdlg32.lib advapi32.lib shell32.lib ole32.lib oleaut32.lib uuid.lib odbc32.lib odbccp32.lib /MANIFEST /ManifestFile:"Debug\address.exe.intermediate.manifest" /MANIFESTUAC:"level='asInvoker' uiAccess='false'" /DEBUG /PDB:"E:\C++ Programs\address\Debug\address.pdb" /SUBSYSTEM:CONSOLE /TLBID:1 /DYNAMICBASE /NXCOMPAT /IMPLIB:"E:\C++ Programs\address\Debug\address.lib" /MACHINE:X86 Debug\address.exe.embed.manifest.res
         Debug\address.obj
       Manifest:
         C:\Program Files\Microsoft SDKs\Windows\v7.0A\bin\mt.exe /nologo /verbose /out:"Debug\address.exe.embed.manifest" /manifest Debug\address.exe.intermediate.manifest
         All outputs are up-to-date.
       LinkEmbedManifest:
         All outputs are up-to-date.
         address.vcxproj -> E:\C++ Programs\address\Debug\address.exe
       FinalizeBuildStatus:
         Deleting file "Debug\address.unsuccessfulbuild".
         Touching "Debug\address.lastbuildstate".
     1>Done Building Project "E:\C++ Programs\address\address\address.vcxproj" (build target(s)).

Build succeeded.

Time Elapsed 00:00:11.82
