Build started 10/3/2011 8:01:23 AM.
     1>Project "E:\C++ Programs\SumAddNum\SumAddNum\SumAddNum.vcxproj" on node 2 (build target(s)).
     1>InitializeBuildStatus:
         Creating "Debug\SumAddNum.unsuccessfulbuild" because "AlwaysCreate" was specified.
       ClCompile:
         c:\Program Files\Microsoft Visual Studio 10.0\VC\bin\CL.exe /c /ZI /nologo /W3 /WX- /Od /Oy- /D WIN32 /D _DEBUG /D _CONSOLE /D _UNICODE /D UNICODE /Gm /EHsc /RTC1 /MDd /GS /fp:precise /Zc:wchar_t /Zc:forScope /Fo"Debug\\" /Fd"Debug\vc100.pdb" /Gd /TP /analyze- /errorReport:prompt SumAddNum.cpp
         SumAddNum.cpp
       ManifestResourceCompile:
         All outputs are up-to-date.
       Link:
         c:\Program Files\Microsoft Visual Studio 10.0\VC\bin\link.exe /ERRORREPORT:PROMPT /OUT:"E:\C++ Programs\SumAddNum\Debug\SumAddNum.exe" /INCREMENTAL /NOLOGO kernel32.lib user32.lib gdi32.lib winspool.lib comdlg32.lib advapi32.lib shell32.lib ole32.lib oleaut32.lib uuid.lib odbc32.lib odbccp32.lib /MANIFEST /ManifestFile:"Debug\SumAddNum.exe.intermediate.manifest" /MANIFESTUAC:"level='asInvoker' uiAccess='false'" /DEBUG /PDB:"E:\C++ Programs\SumAddNum\Debug\SumAddNum.pdb" /SUBSYSTEM:CONSOLE /TLBID:1 /DYNAMICBASE /NXCOMPAT /IMPLIB:"E:\C++ Programs\SumAddNum\Debug\SumAddNum.lib" /MACHINE:X86 Debug\SumAddNum.exe.embed.manifest.res
         Debug\SumAddNum.obj
       Manifest:
         C:\Program Files\Microsoft SDKs\Windows\v7.0A\bin\mt.exe /nologo /verbose /out:"Debug\SumAddNum.exe.embed.manifest" /manifest Debug\SumAddNum.exe.intermediate.manifest
         All outputs are up-to-date.
       LinkEmbedManifest:
         All outputs are up-to-date.
         SumAddNum.vcxproj -> E:\C++ Programs\SumAddNum\Debug\SumAddNum.exe
       FinalizeBuildStatus:
         Deleting file "Debug\SumAddNum.unsuccessfulbuild".
         Touching "Debug\SumAddNum.lastbuildstate".
     1>Done Building Project "E:\C++ Programs\SumAddNum\SumAddNum\SumAddNum.vcxproj" (build target(s)).

Build succeeded.

Time Elapsed 00:00:17.60
