Build started 1/27/2012 7:58:53 AM.
     1>Project "E:\C++ Programs\tryexample\tryexample\tryexample.vcxproj" on node 2 (build target(s)).
     1>InitializeBuildStatus:
         Creating "Debug\tryexample.unsuccessfulbuild" because "AlwaysCreate" was specified.
       ClCompile:
         c:\Program Files\Microsoft Visual Studio 10.0\VC\bin\CL.exe /c /ZI /nologo /W3 /WX- /Od /Oy- /D WIN32 /D _DEBUG /D _CONSOLE /D _UNICODE /D UNICODE /Gm /EHsc /RTC1 /MDd /GS /fp:precise /Zc:wchar_t /Zc:forScope /Fo"Debug\\" /Fd"Debug\vc100.pdb" /Gd /TP /analyze- /errorReport:prompt tryexample.cpp
         tryexample.cpp
       ManifestResourceCompile:
         All outputs are up-to-date.
       Link:
         c:\Program Files\Microsoft Visual Studio 10.0\VC\bin\link.exe /ERRORREPORT:PROMPT /OUT:"E:\C++ Programs\tryexample\Debug\tryexample.exe" /INCREMENTAL /NOLOGO kernel32.lib user32.lib gdi32.lib winspool.lib comdlg32.lib advapi32.lib shell32.lib ole32.lib oleaut32.lib uuid.lib odbc32.lib odbccp32.lib /MANIFEST /ManifestFile:"Debug\tryexample.exe.intermediate.manifest" /MANIFESTUAC:"level='asInvoker' uiAccess='false'" /DEBUG /PDB:"E:\C++ Programs\tryexample\Debug\tryexample.pdb" /SUBSYSTEM:CONSOLE /TLBID:1 /DYNAMICBASE /NXCOMPAT /IMPLIB:"E:\C++ Programs\tryexample\Debug\tryexample.lib" /MACHINE:X86 Debug\tryexample.exe.embed.manifest.res
         Debug\tryexample.obj
       Manifest:
         C:\Program Files\Microsoft SDKs\Windows\v7.0A\bin\mt.exe /nologo /verbose /out:"Debug\tryexample.exe.embed.manifest" /manifest Debug\tryexample.exe.intermediate.manifest
         All outputs are up-to-date.
       LinkEmbedManifest:
         All outputs are up-to-date.
         tryexample.vcxproj -> E:\C++ Programs\tryexample\Debug\tryexample.exe
       FinalizeBuildStatus:
         Deleting file "Debug\tryexample.unsuccessfulbuild".
         Touching "Debug\tryexample.lastbuildstate".
     1>Done Building Project "E:\C++ Programs\tryexample\tryexample\tryexample.vcxproj" (build target(s)).

Build succeeded.

Time Elapsed 00:00:02.79
