Build started 2/8/2012 7:49:39 AM.
     1>Project "E:\C++ Programs\Program 7_10\Program 7_10\Program 7_10.vcxproj" on node 2 (build target(s)).
     1>InitializeBuildStatus:
         Creating "Debug\Program 7_10.unsuccessfulbuild" because "AlwaysCreate" was specified.
       ClCompile:
         c:\Program Files\Microsoft Visual Studio 10.0\VC\bin\CL.exe /c /ZI /nologo /W3 /WX- /Od /Oy- /D WIN32 /D _DEBUG /D _CONSOLE /D _UNICODE /D UNICODE /Gm /EHsc /RTC1 /MDd /GS /fp:precise /Zc:wchar_t /Zc:forScope /Fo"Debug\\" /Fd"Debug\vc100.pdb" /Gd /TP /analyze- /errorReport:prompt Program7_10.cpp
         Program7_10.cpp
     1>e:\c++ programs\program 7_10\program 7_10\program7_10.cpp(23): warning C4018: '<' : signed/unsigned mismatch
       ManifestResourceCompile:
         All outputs are up-to-date.
       Link:
         c:\Program Files\Microsoft Visual Studio 10.0\VC\bin\link.exe /ERRORREPORT:PROMPT /OUT:"E:\C++ Programs\Program 7_10\Debug\Program 7_10.exe" /INCREMENTAL /NOLOGO kernel32.lib user32.lib gdi32.lib winspool.lib comdlg32.lib advapi32.lib shell32.lib ole32.lib oleaut32.lib uuid.lib odbc32.lib odbccp32.lib /MANIFEST /ManifestFile:"Debug\Program 7_10.exe.intermediate.manifest" /MANIFESTUAC:"level='asInvoker' uiAccess='false'" /DEBUG /PDB:"E:\C++ Programs\Program 7_10\Debug\Program 7_10.pdb" /SUBSYSTEM:CONSOLE /TLBID:1 /DYNAMICBASE /NXCOMPAT /IMPLIB:"E:\C++ Programs\Program 7_10\Debug\Program 7_10.lib" /MACHINE:X86 "Debug\Program 7_10.exe.embed.manifest.res"
         Debug\Program7_10.obj
       Manifest:
         C:\Program Files\Microsoft SDKs\Windows\v7.0A\bin\mt.exe /nologo /verbose /out:"Debug\Program 7_10.exe.embed.manifest" /manifest "Debug\Program 7_10.exe.intermediate.manifest"
         All outputs are up-to-date.
       LinkEmbedManifest:
         All outputs are up-to-date.
         Program 7_10.vcxproj -> E:\C++ Programs\Program 7_10\Debug\Program 7_10.exe
       FinalizeBuildStatus:
         Deleting file "Debug\Program 7_10.unsuccessfulbuild".
         Touching "Debug\Program 7_10.lastbuildstate".
     1>Done Building Project "E:\C++ Programs\Program 7_10\Program 7_10\Program 7_10.vcxproj" (build target(s)).

Build succeeded.

Time Elapsed 00:00:02.51
